<?xml version="1.0" encoding="UTF-8"?>
<!-- Generated by org.testng.reporters.JUnitReportReporter -->
<testsuite hostname="NOI-PG037B2M" failures="0" tests="1" name="PracticePackageforSbi.PracticeProjectforSbi.AmzonSearchTest" time="18.627" errors="0" timestamp="2024-11-05T15:47:36 IST" skipped="0">
  <testcase classname="PracticePackageforSbi.PracticeProjectforSbi.AmzonSearchTest" name="searchTest" time="18.627"/>
  <system-out/>
</testsuite> <!-- PracticePackageforSbi.PracticeProjectforSbi.AmzonSearchTest -->
