<?xml version="1.0" encoding="UTF-8"?>
<!-- Generated by org.testng.reporters.JUnitReportReporter -->
<testsuite hostname="NOI-PG037B2M" failures="0" tests="2" name="PracticePackageforSbi.PracticeProjectforSbi.SBIloginTest" time="19.962" errors="0" timestamp="2024-11-18T22:47:18 IST" skipped="0">
  <testcase classname="PracticePackageforSbi.PracticeProjectforSbi.SBIloginTest" name="TestSBIlogin" time="10.850"/>
  <system-out/>
  <testcase classname="PracticePackageforSbi.PracticeProjectforSbi.SBIloginTest" name="TestSBIlogin" time="9.112"/>
  <system-out/>
</testsuite> <!-- PracticePackageforSbi.PracticeProjectforSbi.SBIloginTest -->
